生成启动时间为 2015/3/20 17:28:29。
     1>项目“D:\OptionsPlay\Mainline\DAL\Third-Party Services\SZKingdom\OptionsPlay.DAL.SZKingdom.ManagementWrapper\OptionsPlay.DAL.SZKingdom.ManagementWrapper.vcxproj”在节点 2 上(Rebuild 个目标)。
     1>ClCompile:
         D:\Program Files (x86)\Microsoft Visual Studio 12.0\VC\bin\x86_amd64\CL.exe /c /I"D:\OptionsPlay\Mainline\DAL\Third-Party Services\SZKingdom\OptionsPlay.DAL.SZKingdom.ManagementWrapper\..\NativeLibrary\include" /AI"C:\Program Files (x86)\Reference Assemblies\Microsoft\Framework\.NETFramework\v4.5\\" /AI"C:\Program Files (x86)\Windows Kits\8.1\References\CommonConfiguration\Neutral" /AI"C:\Program Files (x86)\Reference Assemblies\Microsoft\Framework\.NETFramework\v4.5\Facades\\" /Zi /clr /nologo /W3 /WX- /O2 /D WIN32 /D NDEBUG /D _WINDLL /D _UNICODE /D UNICODE /EHa /MD /GS /fp:precise /Zc:wchar_t /Zc:forScope /Fo"x64\Release\\" /Fd"x64\Release\vc120.pdb" /TP /FU"C:\Program Files (x86)\Reference Assemblies\Microsoft\Framework\.NETFramework\v4.5\mscorlib.dll" /FU"C:\Program Files (x86)\Reference Assemblies\Microsoft\Framework\.NETFramework\v4.5\System.Data.dll" /FU"C:\Program Files (x86)\Reference Assemblies\Microsoft\Framework\.NETFramework\v4.5\System.dll" /FU"C:\Program Files (x86)\Reference Assemblies\Microsoft\Framework\.NETFramework\v4.5\System.Xml.dll" /errorReport:prompt /clr:nostdlib AssemblyInfo.cpp KCBPLibraryWrapper.cpp
         AssemblyInfo.cpp
         KCBPLibraryWrapper.cpp
     1>KCBPLibraryWrapper.cpp(423): warning C4267: “初始化”: 从“size_t”转换到“int”，可能丢失数据
         正在生成代码...
         D:\Program Files (x86)\Microsoft Visual Studio 12.0\VC\bin\x86_amd64\CL.exe /c /I"D:\OptionsPlay\Mainline\DAL\Third-Party Services\SZKingdom\OptionsPlay.DAL.SZKingdom.ManagementWrapper\..\NativeLibrary\include" /Zi /clr /nologo /W3 /WX- /O2 /D WIN32 /D NDEBUG /D _WINDLL /D _UNICODE /D UNICODE /EHa /MD /GS /fp:precise /Zc:wchar_t /Zc:forScope /Fo"x64\Release\\" /Fd"x64\Release\vc120.pdb" /TP /errorReport:prompt "C:\Users\Administrator\AppData\Local\Temp\.NETFramework,Version=v4.5.AssemblyAttributes.cpp"
         .NETFramework,Version=v4.5.AssemblyAttributes.cpp
       Link:
         D:\Program Files (x86)\Microsoft Visual Studio 12.0\VC\bin\x86_amd64\link.exe /ERRORREPORT:PROMPT /OUT:"D:\OptionsPlay\Mainline\x64\Release\OptionsPlay.DAL.SZKingdom.ManagementWrapper.dll" /INCREMENTAL:NO /NOLOGO /LIBPATH:"D:\OptionsPlay\Mainline\DAL\Third-Party Services\SZKingdom\OptionsPlay.DAL.SZKingdom.ManagementWrapper\..\NativeLibrary\lib" KCBPCli.lib KCBPPacketOpApi.lib kcxpapi.lib kbss_encrypt.lib kernel32.lib user32.lib gdi32.lib winspool.lib comdlg32.lib advapi32.lib shell32.lib ole32.lib oleaut32.lib uuid.lib odbc32.lib odbccp32.lib Delayimp.lib /DELAYLOAD:kbss_encrypt.dll /DELAYLOAD:KCBPCli.dll /DELAYLOAD:KCBPCrypt.dll /DELAYLOAD:KCBPPacketOpApi.dll /DELAYLOAD:kcxpapi.dll /DELAYLOAD:KDGBKcbp.dll /DELAYLOAD:libdes.dll /DELAYLOAD:libeay32.dll /DELAYLOAD:libidea.dll /DELAYLOAD:libidea1.dll /DELAYLOAD:libzip.dll /DELAYLOAD:libzlib.dll /DELAYLOAD:libzlib1.dll /MANIFEST /MANIFESTUAC:"level='asInvoker' uiAccess='false'" /manifest:embed /DEBUG /PDB:"D:\OptionsPlay\Mainline\x64\Release\OptionsPlay.DAL.SZKingdom.ManagementWrapper.pdb" /TLBID:1 /DYNAMICBASE /FIXED:NO /NXCOMPAT /MACHINE:X64 /DLL x64\Release\AssemblyInfo.obj
         x64\Release\KCBPLibraryWrapper.obj
         "x64\Release\.NETFramework,Version=v4.5.AssemblyAttributes.obj"
     1>LINK : warning LNK4199: 已忽略 /DELAYLOAD:kbss_encrypt.dll；未找到来自 kbss_encrypt.dll 的导入
     1>LINK : warning LNK4199: 已忽略 /DELAYLOAD:KCBPCli.dll；未找到来自 KCBPCli.dll 的导入
     1>LINK : warning LNK4199: 已忽略 /DELAYLOAD:KCBPCrypt.dll；未找到来自 KCBPCrypt.dll 的导入
     1>LINK : warning LNK4199: 已忽略 /DELAYLOAD:KCBPPacketOpApi.dll；未找到来自 KCBPPacketOpApi.dll 的导入
     1>LINK : warning LNK4199: 已忽略 /DELAYLOAD:kcxpapi.dll；未找到来自 kcxpapi.dll 的导入
     1>LINK : warning LNK4199: 已忽略 /DELAYLOAD:KDGBKcbp.dll；未找到来自 KDGBKcbp.dll 的导入
     1>LINK : warning LNK4199: 已忽略 /DELAYLOAD:libdes.dll；未找到来自 libdes.dll 的导入
     1>LINK : warning LNK4199: 已忽略 /DELAYLOAD:libeay32.dll；未找到来自 libeay32.dll 的导入
     1>LINK : warning LNK4199: 已忽略 /DELAYLOAD:libidea.dll；未找到来自 libidea.dll 的导入
     1>LINK : warning LNK4199: 已忽略 /DELAYLOAD:libidea1.dll；未找到来自 libidea1.dll 的导入
     1>LINK : warning LNK4199: 已忽略 /DELAYLOAD:libzip.dll；未找到来自 libzip.dll 的导入
     1>LINK : warning LNK4199: 已忽略 /DELAYLOAD:libzlib.dll；未找到来自 libzlib.dll 的导入
     1>LINK : warning LNK4199: 已忽略 /DELAYLOAD:libzlib1.dll；未找到来自 libzlib1.dll 的导入
     1>KCBPLibraryWrapper.obj : error LNK2028: 无法解析的标记(0A000014) "extern "C" void __cdecl kbss_comencrypt(char *,char const *,char const *)" (?kbss_comencrypt@@$$J0YAXPEADPEBD1@Z)，该标记在函数 "public: class System::String ^ __clrcall OptionsPlay::DAL::SZKingdom::KCBPLibraryWrapper::EncryptPassword(class System::String ^,class System::String ^)" (?EncryptPassword@KCBPLibraryWrapper@SZKingdom@DAL@OptionsPlay@@$$FQE$AAMPE$AAVString@System@@PE$AAV56@0@Z) 中被引用
     1>KCBPLibraryWrapper.obj : error LNK2028: 无法解析的标记(0A00001E) "public: __cdecl CKCBPCli::CKCBPCli(void)" (??0CKCBPCli@@$$FQEAA@XZ)，该标记在函数 "public: __clrcall OptionsPlay::DAL::SZKingdom::KCBPLibraryWrapper::KCBPLibraryWrapper(void)" (??0KCBPLibraryWrapper@SZKingdom@DAL@OptionsPlay@@$$FQE$AAM@XZ) 中被引用
     1>KCBPLibraryWrapper.obj : error LNK2028: 无法解析的标记(0A00001F) "public: __cdecl CKCBPCli::~CKCBPCli(void)" (??1CKCBPCli@@$$FQEAA@XZ)，该标记在函数 "public: void * __cdecl CKCBPCli::`scalar deleting destructor'(unsigned int)" (??_GCKCBPCli@@$$FQEAAPEAXI@Z) 中被引用
     1>KCBPLibraryWrapper.obj : error LNK2028: 无法解析的标记(0A000020) "public: int __cdecl CKCBPCli::GetVersion(int *)" (?GetVersion@CKCBPCli@@$$FQEAAHPEAH@Z)，该标记在函数 "public: int __clrcall OptionsPlay::DAL::SZKingdom::KCBPLibraryWrapper::GetVersion(void)" (?GetVersion@KCBPLibraryWrapper@SZKingdom@DAL@OptionsPlay@@$$FQE$AAMHXZ) 中被引用
     1>KCBPLibraryWrapper.obj : error LNK2028: 无法解析的标记(0A000021) "public: int __cdecl CKCBPCli::SetConnectOption(struct tagKCBPConnectOption)" (?SetConnectOption@CKCBPCli@@$$FQEAAHUtagKCBPConnectOption@@@Z)，该标记在函数 "public: void __clrcall OptionsPlay::DAL::SZKingdom::KCBPLibraryWrapper::SetConnectionOption(class OptionsPlay::DAL::SZKingdom::KCBPConnectionOptions ^)" (?SetConnectionOption@KCBPLibraryWrapper@SZKingdom@DAL@OptionsPlay@@$$FQE$AAMXPE$AAVKCBPConnectionOptions@234@@Z) 中被引用
     1>KCBPLibraryWrapper.obj : error LNK2028: 无法解析的标记(0A000022) "public: int __cdecl CKCBPCli::GetConnectOption(struct tagKCBPConnectOption *)" (?GetConnectOption@CKCBPCli@@$$FQEAAHPEAUtagKCBPConnectOption@@@Z)，该标记在函数 "public: class OptionsPlay::DAL::SZKingdom::KCBPConnectionOptions ^ __clrcall OptionsPlay::DAL::SZKingdom::KCBPLibraryWrapper::GetConnectionOption(void)" (?GetConnectionOption@KCBPLibraryWrapper@SZKingdom@DAL@OptionsPlay@@$$FQE$AAMPE$AAVKCBPConnectionOptions@234@XZ) 中被引用
     1>KCBPLibraryWrapper.obj : error LNK2028: 无法解析的标记(0A000023) "public: int __cdecl CKCBPCli::ConnectServer(char *,char *,char *)" (?ConnectServer@CKCBPCli@@$$FQEAAHPEAD00@Z)，该标记在函数 "public: void __clrcall OptionsPlay::DAL::SZKingdom::KCBPLibraryWrapper::ConnectToServer(class System::String ^,class System::String ^,class System::String ^)" (?ConnectToServer@KCBPLibraryWrapper@SZKingdom@DAL@OptionsPlay@@$$FQE$AAMXPE$AAVString@System@@00@Z) 中被引用
     1>KCBPLibraryWrapper.obj : error LNK2028: 无法解析的标记(0A000024) "public: int __cdecl CKCBPCli::DisConnect(void)" (?DisConnect@CKCBPCli@@$$FQEAAHXZ)，该标记在函数 "public: void __clrcall OptionsPlay::DAL::SZKingdom::KCBPLibraryWrapper::Disconnect(void)" (?Disconnect@KCBPLibraryWrapper@SZKingdom@DAL@OptionsPlay@@$$FQE$AAMXXZ) 中被引用
     1>KCBPLibraryWrapper.obj : error LNK2028: 无法解析的标记(0A000025) "public: int __cdecl CKCBPCli::BeginWrite(void)" (?BeginWrite@CKCBPCli@@$$FQEAAHXZ)，该标记在函数 "public: void __clrcall OptionsPlay::DAL::SZKingdom::KCBPLibraryWrapper::BeginWrite(void)" (?BeginWrite@KCBPLibraryWrapper@SZKingdom@DAL@OptionsPlay@@$$FQE$AAMXXZ) 中被引用
     1>KCBPLibraryWrapper.obj : error LNK2028: 无法解析的标记(0A000026) "public: int __cdecl CKCBPCli::CallProgramAndCommit(char *)" (?CallProgramAndCommit@CKCBPCli@@$$FQEAAHPEAD@Z)，该标记在函数 "public: void __clrcall OptionsPlay::DAL::SZKingdom::KCBPLibraryWrapper::CallProgramAndCommit(class System::String ^)" (?CallProgramAndCommit@KCBPLibraryWrapper@SZKingdom@DAL@OptionsPlay@@$$FQE$AAMXPE$AAVString@System@@@Z) 中被引用
     1>KCBPLibraryWrapper.obj : error LNK2028: 无法解析的标记(0A000027) "public: int __cdecl CKCBPCli::CallProgram(char *)" (?CallProgram@CKCBPCli@@$$FQEAAHPEAD@Z)，该标记在函数 "public: void __clrcall OptionsPlay::DAL::SZKingdom::KCBPLibraryWrapper::CallProgram(class System::String ^)" (?CallProgram@KCBPLibraryWrapper@SZKingdom@DAL@OptionsPlay@@$$FQE$AAMXPE$AAVString@System@@@Z) 中被引用
     1>KCBPLibraryWrapper.obj : error LNK2028: 无法解析的标记(0A000028) "public: int __cdecl CKCBPCli::Commit(void)" (?Commit@CKCBPCli@@$$FQEAAHXZ)，该标记在函数 "public: void __clrcall OptionsPlay::DAL::SZKingdom::KCBPLibraryWrapper::Commit(void)" (?Commit@KCBPLibraryWrapper@SZKingdom@DAL@OptionsPlay@@$$FQE$AAMXXZ) 中被引用
     1>KCBPLibraryWrapper.obj : error LNK2028: 无法解析的标记(0A000029) "public: int __cdecl CKCBPCli::RollBack(void)" (?RollBack@CKCBPCli@@$$FQEAAHXZ)，该标记在函数 "public: void __clrcall OptionsPlay::DAL::SZKingdom::KCBPLibraryWrapper::RollBack(void)" (?RollBack@KCBPLibraryWrapper@SZKingdom@DAL@OptionsPlay@@$$FQE$AAMXXZ) 中被引用
     1>KCBPLibraryWrapper.obj : error LNK2028: 无法解析的标记(0A00002A) "public: int __cdecl CKCBPCli::GetValue(char *,char *,int)" (?GetValue@CKCBPCli@@$$FQEAAHPEAD0H@Z)，该标记在函数 "public: bool __clrcall OptionsPlay::DAL::SZKingdom::KCBPLibraryWrapper::TryGetValue(class System::String ^,class System::String ^ %)" (?TryGetValue@KCBPLibraryWrapper@SZKingdom@DAL@OptionsPlay@@$$FQE$AAM_NPE$AAVString@System@@AE$CAPE$AAV56@@Z) 中被引用
     1>KCBPLibraryWrapper.obj : error LNK2028: 无法解析的标记(0A00002B) "public: int __cdecl CKCBPCli::SetValue(char *,char *)" (?SetValue@CKCBPCli@@$$FQEAAHPEAD0@Z)，该标记在函数 "public: void __clrcall OptionsPlay::DAL::SZKingdom::KCBPLibraryWrapper::SetValue(class System::String ^,class System::String ^)" (?SetValue@KCBPLibraryWrapper@SZKingdom@DAL@OptionsPlay@@$$FQE$AAMXPE$AAVString@System@@0@Z) 中被引用
     1>KCBPLibraryWrapper.obj : error LNK2028: 无法解析的标记(0A00002C) "public: int __cdecl CKCBPCli::RsOpen(void)" (?RsOpen@CKCBPCli@@$$FQEAAHXZ)，该标记在函数 "public: bool __clrcall OptionsPlay::DAL::SZKingdom::KCBPLibraryWrapper::RsOpen(void)" (?RsOpen@KCBPLibraryWrapper@SZKingdom@DAL@OptionsPlay@@$$FQE$AAM_NXZ) 中被引用
     1>KCBPLibraryWrapper.obj : error LNK2028: 无法解析的标记(0A00002D) "public: int __cdecl CKCBPCli::RsMore(void)" (?RsMore@CKCBPCli@@$$FQEAAHXZ)，该标记在函数 "public: bool __clrcall OptionsPlay::DAL::SZKingdom::KCBPLibraryWrapper::RsMore(void)" (?RsMore@KCBPLibraryWrapper@SZKingdom@DAL@OptionsPlay@@$$FQE$AAM_NXZ) 中被引用
     1>KCBPLibraryWrapper.obj : error LNK2028: 无法解析的标记(0A00002E) "public: int __cdecl CKCBPCli::RsClose(void)" (?RsClose@CKCBPCli@@$$FQEAAHXZ)，该标记在函数 "public: void __clrcall OptionsPlay::DAL::SZKingdom::KCBPLibraryWrapper::RsClose(void)" (?RsClose@KCBPLibraryWrapper@SZKingdom@DAL@OptionsPlay@@$$FQE$AAMXXZ) 中被引用
     1>KCBPLibraryWrapper.obj : error LNK2028: 无法解析的标记(0A00002F) "public: int __cdecl CKCBPCli::RsGetColName(int,char *,int)" (?RsGetColName@CKCBPCli@@$$FQEAAHHPEADH@Z)，该标记在函数 "public: class System::String ^ __clrcall OptionsPlay::DAL::SZKingdom::KCBPLibraryWrapper::RsGetColName(int)" (?RsGetColName@KCBPLibraryWrapper@SZKingdom@DAL@OptionsPlay@@$$FQE$AAMPE$AAVString@System@@H@Z) 中被引用
     1>KCBPLibraryWrapper.obj : error LNK2028: 无法解析的标记(0A000030) "public: int __cdecl CKCBPCli::RsFetchRow(void)" (?RsFetchRow@CKCBPCli@@$$FQEAAHXZ)，该标记在函数 "public: bool __clrcall OptionsPlay::DAL::SZKingdom::KCBPLibraryWrapper::RsFetchRow(void)" (?RsFetchRow@KCBPLibraryWrapper@SZKingdom@DAL@OptionsPlay@@$$FQE$AAM_NXZ) 中被引用
     1>KCBPLibraryWrapper.obj : error LNK2028: 无法解析的标记(0A000031) "public: int __cdecl CKCBPCli::RsGetCol(char *,char *)" (?RsGetCol@CKCBPCli@@$$FQEAAHPEAD0@Z)，该标记在函数 "public: class System::String ^ __clrcall OptionsPlay::DAL::SZKingdom::KCBPLibraryWrapper::RsGetCol(class System::String ^)" (?RsGetCol@KCBPLibraryWrapper@SZKingdom@DAL@OptionsPlay@@$$FQE$AAMPE$AAVString@System@@PE$AAV56@@Z) 中被引用
     1>KCBPLibraryWrapper.obj : error LNK2028: 无法解析的标记(0A000032) "public: int __cdecl CKCBPCli::RsGetCol(int,char *)" (?RsGetCol@CKCBPCli@@$$FQEAAHHPEAD@Z)，该标记在函数 "public: class System::String ^ __clrcall OptionsPlay::DAL::SZKingdom::KCBPLibraryWrapper::RsGetCol(int)" (?RsGetCol@KCBPLibraryWrapper@SZKingdom@DAL@OptionsPlay@@$$FQE$AAMPE$AAVString@System@@H@Z) 中被引用
     1>KCBPLibraryWrapper.obj : error LNK2028: 无法解析的标记(0A000033) "public: int __cdecl CKCBPCli::RsGetColByName(char *,char *)" (?RsGetColByName@CKCBPCli@@$$FQEAAHPEAD0@Z)，该标记在函数 "public: class System::String ^ __clrcall OptionsPlay::DAL::SZKingdom::KCBPLibraryWrapper::RsGetColByName(class System::String ^)" (?RsGetColByName@KCBPLibraryWrapper@SZKingdom@DAL@OptionsPlay@@$$FQE$AAMPE$AAVString@System@@PE$AAV56@@Z) 中被引用
     1>KCBPLibraryWrapper.obj : error LNK2028: 无法解析的标记(0A000034) "public: int __cdecl CKCBPCli::RsGetRowNum(int *)" (?RsGetRowNum@CKCBPCli@@$$FQEAAHPEAH@Z)，该标记在函数 "public: int __clrcall OptionsPlay::DAL::SZKingdom::KCBPLibraryWrapper::RsGetRowNum(void)" (?RsGetRowNum@KCBPLibraryWrapper@SZKingdom@DAL@OptionsPlay@@$$FQE$AAMHXZ) 中被引用
     1>KCBPLibraryWrapper.obj : error LNK2028: 无法解析的标记(0A000035) "public: int __cdecl CKCBPCli::RsGetColNum(int *)" (?RsGetColNum@CKCBPCli@@$$FQEAAHPEAH@Z)，该标记在函数 "public: int __clrcall OptionsPlay::DAL::SZKingdom::KCBPLibraryWrapper::RsGetColNum(void)" (?RsGetColNum@KCBPLibraryWrapper@SZKingdom@DAL@OptionsPlay@@$$FQE$AAMHXZ) 中被引用
     1>KCBPLibraryWrapper.obj : error LNK2028: 无法解析的标记(0A000036) "public: int __cdecl CKCBPCli::GetErr(int *,char *)" (?GetErr@CKCBPCli@@$$FQEAAHPEAHPEAD@Z)，该标记在函数 "public: int __clrcall OptionsPlay::DAL::SZKingdom::KCBPLibraryWrapper::GetErr(class System::String ^ %)" (?GetErr@KCBPLibraryWrapper@SZKingdom@DAL@OptionsPlay@@$$FQE$AAMHAE$CAPE$AAVString@System@@@Z) 中被引用
     1>KCBPLibraryWrapper.obj : error LNK2028: 无法解析的标记(0A000037) "public: int __cdecl CKCBPCli::GetCommLen(int *)" (?GetCommLen@CKCBPCli@@$$FQEAAHPEAH@Z)，该标记在函数 "public: int __clrcall OptionsPlay::DAL::SZKingdom::KCBPLibraryWrapper::GetCommLen(void)" (?GetCommLen@KCBPLibraryWrapper@SZKingdom@DAL@OptionsPlay@@$$FQE$AAMHXZ) 中被引用
     1>KCBPLibraryWrapper.obj : error LNK2028: 无法解析的标记(0A000038) "public: int __cdecl CKCBPCli::SetCliTimeOut(int)" (?SetCliTimeOut@CKCBPCli@@$$FQEAAHH@Z)，该标记在函数 "public: void __clrcall OptionsPlay::DAL::SZKingdom::KCBPLibraryWrapper::SetCliTimeOut(int)" (?SetCliTimeOut@KCBPLibraryWrapper@SZKingdom@DAL@OptionsPlay@@$$FQE$AAMXH@Z) 中被引用
     1>KCBPLibraryWrapper.obj : error LNK2019: 无法解析的外部符号 "public: __cdecl CKCBPCli::CKCBPCli(void)" (??0CKCBPCli@@$$FQEAA@XZ)，该符号在函数 "public: __clrcall OptionsPlay::DAL::SZKingdom::KCBPLibraryWrapper::KCBPLibraryWrapper(void)" (??0KCBPLibraryWrapper@SZKingdom@DAL@OptionsPlay@@$$FQE$AAM@XZ) 中被引用
     1>KCBPLibraryWrapper.obj : error LNK2019: 无法解析的外部符号 "public: int __cdecl CKCBPCli::DisConnect(void)" (?DisConnect@CKCBPCli@@$$FQEAAHXZ)，该符号在函数 "public: void __clrcall OptionsPlay::DAL::SZKingdom::KCBPLibraryWrapper::Disconnect(void)" (?Disconnect@KCBPLibraryWrapper@SZKingdom@DAL@OptionsPlay@@$$FQE$AAMXXZ) 中被引用
     1>KCBPLibraryWrapper.obj : error LNK2019: 无法解析的外部符号 "public: int __cdecl CKCBPCli::RsOpen(void)" (?RsOpen@CKCBPCli@@$$FQEAAHXZ)，该符号在函数 "public: bool __clrcall OptionsPlay::DAL::SZKingdom::KCBPLibraryWrapper::RsOpen(void)" (?RsOpen@KCBPLibraryWrapper@SZKingdom@DAL@OptionsPlay@@$$FQE$AAM_NXZ) 中被引用
     1>KCBPLibraryWrapper.obj : error LNK2019: 无法解析的外部符号 "public: int __cdecl CKCBPCli::RsMore(void)" (?RsMore@CKCBPCli@@$$FQEAAHXZ)，该符号在函数 "public: bool __clrcall OptionsPlay::DAL::SZKingdom::KCBPLibraryWrapper::RsMore(void)" (?RsMore@KCBPLibraryWrapper@SZKingdom@DAL@OptionsPlay@@$$FQE$AAM_NXZ) 中被引用
     1>KCBPLibraryWrapper.obj : error LNK2019: 无法解析的外部符号 "public: int __cdecl CKCBPCli::RsFetchRow(void)" (?RsFetchRow@CKCBPCli@@$$FQEAAHXZ)，该符号在函数 "public: bool __clrcall OptionsPlay::DAL::SZKingdom::KCBPLibraryWrapper::RsFetchRow(void)" (?RsFetchRow@KCBPLibraryWrapper@SZKingdom@DAL@OptionsPlay@@$$FQE$AAM_NXZ) 中被引用
     1>KCBPLibraryWrapper.obj : error LNK2019: 无法解析的外部符号 "public: __cdecl CKCBPCli::~CKCBPCli(void)" (??1CKCBPCli@@$$FQEAA@XZ)，该符号在函数 "public: void * __cdecl CKCBPCli::`scalar deleting destructor'(unsigned int)" (??_GCKCBPCli@@$$FQEAAPEAXI@Z) 中被引用
     1>KCBPLibraryWrapper.obj : error LNK2019: 无法解析的外部符号 "public: int __cdecl CKCBPCli::GetErr(int *,char *)" (?GetErr@CKCBPCli@@$$FQEAAHPEAHPEAD@Z)，该符号在函数 "public: int __clrcall OptionsPlay::DAL::SZKingdom::KCBPLibraryWrapper::GetErr(class System::String ^ %)" (?GetErr@KCBPLibraryWrapper@SZKingdom@DAL@OptionsPlay@@$$FQE$AAMHAE$CAPE$AAVString@System@@@Z) 中被引用
     1>KCBPLibraryWrapper.obj : error LNK2019: 无法解析的外部符号 "public: int __cdecl CKCBPCli::GetValue(char *,char *,int)" (?GetValue@CKCBPCli@@$$FQEAAHPEAD0H@Z)，该符号在函数 "public: bool __clrcall OptionsPlay::DAL::SZKingdom::KCBPLibraryWrapper::TryGetValue(class System::String ^,class System::String ^ %)" (?TryGetValue@KCBPLibraryWrapper@SZKingdom@DAL@OptionsPlay@@$$FQE$AAM_NPE$AAVString@System@@AE$CAPE$AAV56@@Z) 中被引用
     1>KCBPLibraryWrapper.obj : error LNK2019: 无法解析的外部符号 "extern "C" void __cdecl kbss_comencrypt(char *,char const *,char const *)" (?kbss_comencrypt@@$$J0YAXPEADPEBD1@Z)，该符号在函数 "public: class System::String ^ __clrcall OptionsPlay::DAL::SZKingdom::KCBPLibraryWrapper::EncryptPassword(class System::String ^,class System::String ^)" (?EncryptPassword@KCBPLibraryWrapper@SZKingdom@DAL@OptionsPlay@@$$FQE$AAMPE$AAVString@System@@PE$AAV56@0@Z) 中被引用
     1>KCBPLibraryWrapper.obj : error LNK2019: 无法解析的外部符号 "public: int __cdecl CKCBPCli::SetConnectOption(struct tagKCBPConnectOption)" (?SetConnectOption@CKCBPCli@@$$FQEAAHUtagKCBPConnectOption@@@Z)，该符号在函数 "public: void __clrcall OptionsPlay::DAL::SZKingdom::KCBPLibraryWrapper::SetConnectionOption(class OptionsPlay::DAL::SZKingdom::KCBPConnectionOptions ^)" (?SetConnectionOption@KCBPLibraryWrapper@SZKingdom@DAL@OptionsPlay@@$$FQE$AAMXPE$AAVKCBPConnectionOptions@234@@Z) 中被引用
     1>KCBPLibraryWrapper.obj : error LNK2019: 无法解析的外部符号 "public: int __cdecl CKCBPCli::GetConnectOption(struct tagKCBPConnectOption *)" (?GetConnectOption@CKCBPCli@@$$FQEAAHPEAUtagKCBPConnectOption@@@Z)，该符号在函数 "public: class OptionsPlay::DAL::SZKingdom::KCBPConnectionOptions ^ __clrcall OptionsPlay::DAL::SZKingdom::KCBPLibraryWrapper::GetConnectionOption(void)" (?GetConnectionOption@KCBPLibraryWrapper@SZKingdom@DAL@OptionsPlay@@$$FQE$AAMPE$AAVKCBPConnectionOptions@234@XZ) 中被引用
     1>KCBPLibraryWrapper.obj : error LNK2019: 无法解析的外部符号 "public: int __cdecl CKCBPCli::ConnectServer(char *,char *,char *)" (?ConnectServer@CKCBPCli@@$$FQEAAHPEAD00@Z)，该符号在函数 "public: void __clrcall OptionsPlay::DAL::SZKingdom::KCBPLibraryWrapper::ConnectToServer(class System::String ^,class System::String ^,class System::String ^)" (?ConnectToServer@KCBPLibraryWrapper@SZKingdom@DAL@OptionsPlay@@$$FQE$AAMXPE$AAVString@System@@00@Z) 中被引用
     1>KCBPLibraryWrapper.obj : error LNK2019: 无法解析的外部符号 "public: int __cdecl CKCBPCli::BeginWrite(void)" (?BeginWrite@CKCBPCli@@$$FQEAAHXZ)，该符号在函数 "public: void __clrcall OptionsPlay::DAL::SZKingdom::KCBPLibraryWrapper::BeginWrite(void)" (?BeginWrite@KCBPLibraryWrapper@SZKingdom@DAL@OptionsPlay@@$$FQE$AAMXXZ) 中被引用
     1>KCBPLibraryWrapper.obj : error LNK2019: 无法解析的外部符号 "public: int __cdecl CKCBPCli::CallProgramAndCommit(char *)" (?CallProgramAndCommit@CKCBPCli@@$$FQEAAHPEAD@Z)，该符号在函数 "public: void __clrcall OptionsPlay::DAL::SZKingdom::KCBPLibraryWrapper::CallProgramAndCommit(class System::String ^)" (?CallProgramAndCommit@KCBPLibraryWrapper@SZKingdom@DAL@OptionsPlay@@$$FQE$AAMXPE$AAVString@System@@@Z) 中被引用
     1>KCBPLibraryWrapper.obj : error LNK2019: 无法解析的外部符号 "public: int __cdecl CKCBPCli::SetValue(char *,char *)" (?SetValue@CKCBPCli@@$$FQEAAHPEAD0@Z)，该符号在函数 "public: void __clrcall OptionsPlay::DAL::SZKingdom::KCBPLibraryWrapper::SetValue(class System::String ^,class System::String ^)" (?SetValue@KCBPLibraryWrapper@SZKingdom@DAL@OptionsPlay@@$$FQE$AAMXPE$AAVString@System@@0@Z) 中被引用
     1>KCBPLibraryWrapper.obj : error LNK2019: 无法解析的外部符号 "public: int __cdecl CKCBPCli::RsClose(void)" (?RsClose@CKCBPCli@@$$FQEAAHXZ)，该符号在函数 "public: void __clrcall OptionsPlay::DAL::SZKingdom::KCBPLibraryWrapper::RsClose(void)" (?RsClose@KCBPLibraryWrapper@SZKingdom@DAL@OptionsPlay@@$$FQE$AAMXXZ) 中被引用
     1>KCBPLibraryWrapper.obj : error LNK2019: 无法解析的外部符号 "public: int __cdecl CKCBPCli::RsGetCol(int,char *)" (?RsGetCol@CKCBPCli@@$$FQEAAHHPEAD@Z)，该符号在函数 "public: class System::String ^ __clrcall OptionsPlay::DAL::SZKingdom::KCBPLibraryWrapper::RsGetCol(int)" (?RsGetCol@KCBPLibraryWrapper@SZKingdom@DAL@OptionsPlay@@$$FQE$AAMPE$AAVString@System@@H@Z) 中被引用
     1>KCBPLibraryWrapper.obj : error LNK2019: 无法解析的外部符号 "public: int __cdecl CKCBPCli::RsGetCol(char *,char *)" (?RsGetCol@CKCBPCli@@$$FQEAAHPEAD0@Z)，该符号在函数 "public: class System::String ^ __clrcall OptionsPlay::DAL::SZKingdom::KCBPLibraryWrapper::RsGetCol(class System::String ^)" (?RsGetCol@KCBPLibraryWrapper@SZKingdom@DAL@OptionsPlay@@$$FQE$AAMPE$AAVString@System@@PE$AAV56@@Z) 中被引用
     1>KCBPLibraryWrapper.obj : error LNK2019: 无法解析的外部符号 "public: int __cdecl CKCBPCli::RsGetColName(int,char *,int)" (?RsGetColName@CKCBPCli@@$$FQEAAHHPEADH@Z)，该符号在函数 "public: class System::String ^ __clrcall OptionsPlay::DAL::SZKingdom::KCBPLibraryWrapper::RsGetColName(int)" (?RsGetColName@KCBPLibraryWrapper@SZKingdom@DAL@OptionsPlay@@$$FQE$AAMPE$AAVString@System@@H@Z) 中被引用
     1>KCBPLibraryWrapper.obj : error LNK2019: 无法解析的外部符号 "public: int __cdecl CKCBPCli::RsGetRowNum(int *)" (?RsGetRowNum@CKCBPCli@@$$FQEAAHPEAH@Z)，该符号在函数 "public: int __clrcall OptionsPlay::DAL::SZKingdom::KCBPLibraryWrapper::RsGetRowNum(void)" (?RsGetRowNum@KCBPLibraryWrapper@SZKingdom@DAL@OptionsPlay@@$$FQE$AAMHXZ) 中被引用
     1>KCBPLibraryWrapper.obj : error LNK2019: 无法解析的外部符号 "public: int __cdecl CKCBPCli::RsGetColNum(int *)" (?RsGetColNum@CKCBPCli@@$$FQEAAHPEAH@Z)，该符号在函数 "public: int __clrcall OptionsPlay::DAL::SZKingdom::KCBPLibraryWrapper::RsGetColNum(void)" (?RsGetColNum@KCBPLibraryWrapper@SZKingdom@DAL@OptionsPlay@@$$FQE$AAMHXZ) 中被引用
     1>KCBPLibraryWrapper.obj : error LNK2019: 无法解析的外部符号 "public: int __cdecl CKCBPCli::SetCliTimeOut(int)" (?SetCliTimeOut@CKCBPCli@@$$FQEAAHH@Z)，该符号在函数 "public: void __clrcall OptionsPlay::DAL::SZKingdom::KCBPLibraryWrapper::SetCliTimeOut(int)" (?SetCliTimeOut@KCBPLibraryWrapper@SZKingdom@DAL@OptionsPlay@@$$FQE$AAMXH@Z) 中被引用
     1>KCBPLibraryWrapper.obj : error LNK2019: 无法解析的外部符号 "public: int __cdecl CKCBPCli::GetVersion(int *)" (?GetVersion@CKCBPCli@@$$FQEAAHPEAH@Z)，该符号在函数 "public: int __clrcall OptionsPlay::DAL::SZKingdom::KCBPLibraryWrapper::GetVersion(void)" (?GetVersion@KCBPLibraryWrapper@SZKingdom@DAL@OptionsPlay@@$$FQE$AAMHXZ) 中被引用
     1>KCBPLibraryWrapper.obj : error LNK2019: 无法解析的外部符号 "public: int __cdecl CKCBPCli::CallProgram(char *)" (?CallProgram@CKCBPCli@@$$FQEAAHPEAD@Z)，该符号在函数 "public: void __clrcall OptionsPlay::DAL::SZKingdom::KCBPLibraryWrapper::CallProgram(class System::String ^)" (?CallProgram@KCBPLibraryWrapper@SZKingdom@DAL@OptionsPlay@@$$FQE$AAMXPE$AAVString@System@@@Z) 中被引用
     1>KCBPLibraryWrapper.obj : error LNK2019: 无法解析的外部符号 "public: int __cdecl CKCBPCli::Commit(void)" (?Commit@CKCBPCli@@$$FQEAAHXZ)，该符号在函数 "public: void __clrcall OptionsPlay::DAL::SZKingdom::KCBPLibraryWrapper::Commit(void)" (?Commit@KCBPLibraryWrapper@SZKingdom@DAL@OptionsPlay@@$$FQE$AAMXXZ) 中被引用
     1>KCBPLibraryWrapper.obj : error LNK2019: 无法解析的外部符号 "public: int __cdecl CKCBPCli::RollBack(void)" (?RollBack@CKCBPCli@@$$FQEAAHXZ)，该符号在函数 "public: void __clrcall OptionsPlay::DAL::SZKingdom::KCBPLibraryWrapper::RollBack(void)" (?RollBack@KCBPLibraryWrapper@SZKingdom@DAL@OptionsPlay@@$$FQE$AAMXXZ) 中被引用
     1>KCBPLibraryWrapper.obj : error LNK2019: 无法解析的外部符号 "public: int __cdecl CKCBPCli::RsGetColByName(char *,char *)" (?RsGetColByName@CKCBPCli@@$$FQEAAHPEAD0@Z)，该符号在函数 "public: class System::String ^ __clrcall OptionsPlay::DAL::SZKingdom::KCBPLibraryWrapper::RsGetColByName(class System::String ^)" (?RsGetColByName@KCBPLibraryWrapper@SZKingdom@DAL@OptionsPlay@@$$FQE$AAMPE$AAVString@System@@PE$AAV56@@Z) 中被引用
     1>KCBPLibraryWrapper.obj : error LNK2019: 无法解析的外部符号 "public: int __cdecl CKCBPCli::GetCommLen(int *)" (?GetCommLen@CKCBPCli@@$$FQEAAHPEAH@Z)，该符号在函数 "public: int __clrcall OptionsPlay::DAL::SZKingdom::KCBPLibraryWrapper::GetCommLen(void)" (?GetCommLen@KCBPLibraryWrapper@SZKingdom@DAL@OptionsPlay@@$$FQE$AAMHXZ) 中被引用
     1>D:\OptionsPlay\Mainline\x64\Release\OptionsPlay.DAL.SZKingdom.ManagementWrapper.dll : fatal error LNK1120: 56 个无法解析的外部命令
     1>已完成生成项目“D:\OptionsPlay\Mainline\DAL\Third-Party Services\SZKingdom\OptionsPlay.DAL.SZKingdom.ManagementWrapper\OptionsPlay.DAL.SZKingdom.ManagementWrapper.vcxproj”(Rebuild 个目标)的操作 - 失败。

生成失败。

已用时间 00:00:01.06
