d:\optionsplay\mainline\dal\third-party services\szkingdom\optionsplay.dal.szkingdom.managementwrapper\x64\release\vc120.pdb
d:\optionsplay\mainline\dal\third-party services\szkingdom\optionsplay.dal.szkingdom.managementwrapper\x64\release\kcbplibrarywrapper.obj
d:\optionsplay\mainline\dal\third-party services\szkingdom\optionsplay.dal.szkingdom.managementwrapper\x64\release\assemblyinfo.obj
d:\optionsplay\mainline\dal\third-party services\szkingdom\optionsplay.dal.szkingdom.managementwrapper\x64\release\.netframework,version=v4.5.assemblyattributes.obj
d:\optionsplay\mainline\dal\third-party services\szkingdom\optionsplay.dal.szkingdom.managementwrapper\x64\release\optionsplay.dal.szkingdom.managementwrapper.vcxprojresolveassemblyreference.cache
d:\optionsplay\mainline\x64\release\optionsplay.dal.szkingdom.managementwrapper.pdb
d:\optionsplay\mainline\dal\third-party services\szkingdom\optionsplay.dal.szkingdom.managementwrapper\x64\release\optionsp.0995f7bb.tlog\cl.command.1.tlog
d:\optionsplay\mainline\dal\third-party services\szkingdom\optionsplay.dal.szkingdom.managementwrapper\x64\release\optionsp.0995f7bb.tlog\cl.read.1.tlog
d:\optionsplay\mainline\dal\third-party services\szkingdom\optionsplay.dal.szkingdom.managementwrapper\x64\release\optionsp.0995f7bb.tlog\cl.write.1.tlog
d:\optionsplay\mainline\dal\third-party services\szkingdom\optionsplay.dal.szkingdom.managementwrapper\x64\release\optionsp.0995f7bb.tlog\link-cvtres.read.1.tlog
d:\optionsplay\mainline\dal\third-party services\szkingdom\optionsplay.dal.szkingdom.managementwrapper\x64\release\optionsp.0995f7bb.tlog\link-cvtres.write.1.tlog
d:\optionsplay\mainline\dal\third-party services\szkingdom\optionsplay.dal.szkingdom.managementwrapper\x64\release\optionsp.0995f7bb.tlog\link-rc.read.1.tlog
d:\optionsplay\mainline\dal\third-party services\szkingdom\optionsplay.dal.szkingdom.managementwrapper\x64\release\optionsp.0995f7bb.tlog\link-rc.write.1.tlog
d:\optionsplay\mainline\dal\third-party services\szkingdom\optionsplay.dal.szkingdom.managementwrapper\x64\release\optionsp.0995f7bb.tlog\link.command.1.tlog
d:\optionsplay\mainline\dal\third-party services\szkingdom\optionsplay.dal.szkingdom.managementwrapper\x64\release\optionsp.0995f7bb.tlog\link.read.1.tlog
d:\optionsplay\mainline\dal\third-party services\szkingdom\optionsplay.dal.szkingdom.managementwrapper\x64\release\optionsp.0995f7bb.tlog\link.write.1.tlog
d:\optionsplay\mainline\dal\third-party services\szkingdom\optionsplay.dal.szkingdom.managementwrapper\x64\release\optionsp.0995f7bb.tlog\metagen.read.1.tlog
d:\optionsplay\mainline\dal\third-party services\szkingdom\optionsplay.dal.szkingdom.managementwrapper\x64\release\optionsp.0995f7bb.tlog\metagen.write.1.tlog
d:\optionsplay\mainline\dal\third-party services\szkingdom\optionsplay.dal.szkingdom.managementwrapper\x64\release\optionsp.0995f7bb.tlog\rsaenh.dll.bi
d:\optionsplay\mainline\dal\third-party services\szkingdom\optionsplay.dal.szkingdom.managementwrapper\x64\release\optionsp.0995f7bb.tlog\tzres.dll.bi
