生成启动时间为 2015/4/17 11:53:18。
     1>项目“D:\OptionsPlay\Mainline\Common\OptionsPlay.SharedFile\OptionsPlay.SharedFile\OptionsPlay.SharedFile.vcxproj”在节点 2 上(Rebuild 个目标)。
     1>ClCompile:
         D:\Program Files (x86)\Microsoft Visual Studio 12.0\VC\bin\CL.exe /c /Zi /nologo /W3 /WX- /sdl /O2 /Oi /Oy- /GL /D WIN32 /D NDEBUG /D _WINDOWS /D _USRDLL /D OPTIONSPLAYSHAREDFILE_EXPORTS /D _WINDLL /D _UNICODE /D UNICODE /D _CRT_SECURE_NO_WARNINGS /Gm- /EHsc /MD /GS /Gy /fp:precise /Zc:wchar_t /Zc:forScope /Yc"stdafx.h" /Fp"Release\OptionsPlay.SharedFile.pch" /Fo"Release\\" /Fd"Release\vc120.pdb" /Gd /TP /analyze- /errorReport:prompt stdafx.cpp
         stdafx.cpp
         D:\Program Files (x86)\Microsoft Visual Studio 12.0\VC\bin\CL.exe /c /Zi /nologo /W3 /WX- /sdl /O2 /Oi /Oy- /GL /D WIN32 /D NDEBUG /D _WINDOWS /D _USRDLL /D OPTIONSPLAYSHAREDFILE_EXPORTS /D _WINDLL /D _UNICODE /D UNICODE /D _CRT_SECURE_NO_WARNINGS /Gm- /EHsc /MD /GS /Gy /fp:precise /Zc:wchar_t /Zc:forScope /Fo"Release\\" /Fd"Release\vc120.pdb" /Gd /TP /analyze- /errorReport:prompt dllmain.cpp
         dllmain.cpp
         D:\Program Files (x86)\Microsoft Visual Studio 12.0\VC\bin\CL.exe /c /Zi /nologo /W3 /WX- /sdl /O2 /Oi /Oy- /GL /D WIN32 /D NDEBUG /D _WINDOWS /D _USRDLL /D OPTIONSPLAYSHAREDFILE_EXPORTS /D _WINDLL /D _UNICODE /D UNICODE /D _CRT_SECURE_NO_WARNINGS /Gm- /EHsc /MD /GS /Gy /fp:precise /Zc:wchar_t /Zc:forScope /Yu"stdafx.h" /Fp"Release\OptionsPlay.SharedFile.pch" /Fo"Release\\" /Fd"Release\vc120.pdb" /Gd /TP /analyze- /errorReport:prompt OptionsPlay.SharedFile.cpp
         OptionsPlay.SharedFile.cpp
       Link:
         D:\Program Files (x86)\Microsoft Visual Studio 12.0\VC\bin\link.exe /ERRORREPORT:PROMPT /OUT:"D:\OptionsPlay\Mainline\Common\OptionsPlay.SharedFile\OptionsPlay.SharedFile\Release\OptionsPlay.SharedFile.dll" /INCREMENTAL:NO /NOLOGO kernel32.lib user32.lib gdi32.lib winspool.lib comdlg32.lib advapi32.lib shell32.lib ole32.lib oleaut32.lib uuid.lib odbc32.lib odbccp32.lib /MANIFEST /MANIFESTUAC:"level='asInvoker' uiAccess='false'" /manifest:embed /DEBUG /PDB:"D:\OptionsPlay\Mainline\Common\OptionsPlay.SharedFile\OptionsPlay.SharedFile\Release\OptionsPlay.SharedFile.pdb" /SUBSYSTEM:WINDOWS /OPT:REF /OPT:ICF /LTCG /TLBID:1 /DYNAMICBASE /NXCOMPAT /IMPLIB:"D:\OptionsPlay\Mainline\Common\OptionsPlay.SharedFile\OptionsPlay.SharedFile\Release\OptionsPlay.SharedFile.lib" /MACHINE:X86 /SAFESEH /DLL Release\dllmain.obj
         Release\OptionsPlay.SharedFile.obj
         Release\stdafx.obj
            正在创建库 D:\OptionsPlay\Mainline\Common\OptionsPlay.SharedFile\OptionsPlay.SharedFile\Release\OptionsPlay.SharedFile.lib 和对象 D:\OptionsPlay\Mainline\Common\OptionsPlay.SharedFile\OptionsPlay.SharedFile\Release\OptionsPlay.SharedFile.exp
         正在生成代码
         已完成代码的生成
         OptionsPlay.SharedFile.vcxproj -> D:\OptionsPlay\Mainline\Common\OptionsPlay.SharedFile\OptionsPlay.SharedFile\Release\OptionsPlay.SharedFile.dll
       PostBuildEvent:
         XCOPY "D:\OptionsPlay\Mainline\Common\OptionsPlay.SharedFile\OptionsPlay.SharedFile\Release\OptionsPlay.SharedFile.dll" "D:\OptionsPlay\Mainline\Scheduler\OptionsPlay.Scheduler.WinService\bin\Release" /Y
         :VCEnd
         D:\OptionsPlay\Mainline\Common\OptionsPlay.SharedFile\OptionsPlay.SharedFile\Release\OptionsPlay.SharedFile.dll
         复制了 1 个文件
     1>已完成生成项目“D:\OptionsPlay\Mainline\Common\OptionsPlay.SharedFile\OptionsPlay.SharedFile\OptionsPlay.SharedFile.vcxproj”(Rebuild 个目标)的操作。

生成成功。

已用时间 00:00:03.58
